2022.01.20 00:29:18 INFO  web[][o.s.p.ProcessEntryPoint] Starting web
2022.01.20 00:29:18 INFO  web[][o.a.t.u.n.NioSelectorPool] Using a shared selector for servlet write/read
2022.01.20 00:29:18 INFO  web[][o.s.s.e.EsClientProvider] Connected to local Elasticsearch: [http://localhost:9001]
2022.01.20 00:29:19 INFO  web[][o.s.s.p.LogServerVersion] SonarQube Server / 9.2.4.50792 / 78f7113cee15b2bd37a958455271e68f1244cb7b
2022.01.20 00:29:19 INFO  web[][o.s.s.p.d.EmbeddedDatabase] Starting embedded database on port 9092 with url jdbc:h2:tcp://127.0.0.1:9092/sonar
2022.01.20 00:29:19 INFO  web[][o.s.s.p.d.EmbeddedDatabase] Embedded database started. Data stored in: /opt/sonarqube/data
2022.01.20 00:29:19 INFO  web[][o.sonar.db.Database] Create JDBC data source for jdbc:h2:tcp://127.0.0.1:9092/sonar
2022.01.20 00:29:19 WARN  web[][o.s.db.dialect.H2] H2 database should be used for evaluation purpose only.
2022.01.20 00:29:20 INFO  web[][o.s.s.p.ServerFileSystemImpl] SonarQube home: /opt/sonarqube
2022.01.20 00:29:20 INFO  web[][o.s.s.u.SystemPasscodeImpl] System authentication by passcode is disabled
2022.01.20 00:29:20 INFO  web[][o.s.s.p.d.m.h.MigrationHistoryTableImpl] Creating table schema_migrations
2022.01.20 00:29:20 INFO  web[][o.s.s.p.ServerPluginManager] Deploy plugin C# Code Quality and Security / 8.32.0.39516 / 339a4abca54577c2331eb89f3ccecd43279fbd11
2022.01.20 00:29:20 INFO  web[][o.s.s.p.ServerPluginManager] Deploy plugin Configuration detection fot Code Quality and Security / 1.1.0.185 / f880796141c97fa59ac04f8ac0db56c62d862005
2022.01.20 00:29:20 INFO  web[][o.s.s.p.ServerPluginManager] Deploy plugin Flex Code Quality and Security / 2.6.2.2641 / 11f07506915923b3a0e39e4e34280644c035b925
2022.01.20 00:29:20 INFO  web[][o.s.s.p.ServerPluginManager] Deploy plugin Go Code Quality and Security / 1.8.3.2219 / d6ad7a5a47fc4785d2e80918fb7424be46e38a7f
2022.01.20 00:29:20 INFO  web[][o.s.s.p.ServerPluginManager] Deploy plugin HTML Code Quality and Security / 3.4.0.2754 / 38f7ff864ae15152c9f1efc3014594f7e7ca7b6e
2022.01.20 00:29:20 INFO  web[][o.s.s.p.ServerPluginManager] Deploy plugin IaC Code Quality and Security / 1.4.0.1294 / d5088c9df33e24593acd39bac9306136176da598
2022.01.20 00:29:20 INFO  web[][o.s.s.p.ServerPluginManager] Deploy plugin JaCoCo / 1.1.1.1157 / 83478572b9f23efac29de15e30c7758bbb0c0e47
2022.01.20 00:29:20 INFO  web[][o.s.s.p.ServerPluginManager] Deploy plugin Java Code Quality and Security / 7.5.0.28054 / 54b377cfbc4b5d4f2780855818c6850c298ea395
2022.01.20 00:29:20 INFO  web[][o.s.s.p.ServerPluginManager] Deploy plugin JavaScript/TypeScript Code Quality and Security / 8.6.0.16913 / 701a9ce4770cfe89eb0ac54c75eeafb2c8c514ac
2022.01.20 00:29:20 INFO  web[][o.s.s.p.ServerPluginManager] Deploy plugin Kotlin Code Quality and Security / 2.7.0.948 / 9ab38bae2f6f59bd5ba6d3bed5a159d858b87daf
2022.01.20 00:29:20 INFO  web[][o.s.s.p.ServerPluginManager] Deploy plugin PHP Code Quality and Security / 3.21.2.8292 / 86bd9dd559ac9a3a8dbabdf44d171395e7334590
2022.01.20 00:29:20 INFO  web[][o.s.s.p.ServerPluginManager] Deploy plugin Python Code Quality and Security / 3.8.0.8883 / 30629fbf3e871f83899ec32d3e4a05988b3d4727
2022.01.20 00:29:20 INFO  web[][o.s.s.p.ServerPluginManager] Deploy plugin Ruby Code Quality and Security / 1.8.3.2219 / d6ad7a5a47fc4785d2e80918fb7424be46e38a7f
2022.01.20 00:29:20 INFO  web[][o.s.s.p.ServerPluginManager] Deploy plugin Scala Code Quality and Security / 1.8.3.2219 / d6ad7a5a47fc4785d2e80918fb7424be46e38a7f
2022.01.20 00:29:20 INFO  web[][o.s.s.p.ServerPluginManager] Deploy plugin VB.NET Code Quality and Security / 8.32.0.39516 / 339a4abca54577c2331eb89f3ccecd43279fbd11
2022.01.20 00:29:20 INFO  web[][o.s.s.p.ServerPluginManager] Deploy plugin XML Code Quality and Security / 2.4.0.3273 / 3e6d286309dbc9af364fc3c843ee8e71ed1801f7
2022.01.20 00:29:21 WARN  web[][o.s.a.s.w.WebService$Action] The response example is not set on action api/system/liveness
2022.01.20 00:29:21 INFO  web[][o.s.s.p.d.m.AutoDbMigration] Automatically perform DB migration on fresh install
2022.01.20 00:29:21 INFO  web[][DbMigrations] Executing DB migrations...
2022.01.20 00:29:21 INFO  web[][DbMigrations] #1 'Create initial schema'...
2022.01.20 00:29:21 INFO  web[][DbMigrations] #1 'Create initial schema': success | time=223ms
2022.01.20 00:29:21 INFO  web[][DbMigrations] #2 'Populate initial schema'...
2022.01.20 00:29:21 INFO  web[][DbMigrations] #2 'Populate initial schema': success | time=33ms
2022.01.20 00:29:21 INFO  web[][DbMigrations] #5001 'Drop PK on 'uuid' for 'ce_activity' table'...
2022.01.20 00:29:21 INFO  web[][DbMigrations] #5001 'Drop PK on 'uuid' for 'ce_activity' table': success | time=4ms
2022.01.20 00:29:21 INFO  web[][DbMigrations] #5002 'Drop 'ce_activity_uuid' index'...
2022.01.20 00:29:21 INFO  web[][DbMigrations] #5002 'Drop 'ce_activity_uuid' index': success | time=5ms
2022.01.20 00:29:21 INFO  web[][DbMigrations] #5003 'Recreate PK on 'uuid' for 'ce_activity' table'...
2022.01.20 00:29:21 INFO  web[][DbMigrations] #5003 'Recreate PK on 'uuid' for 'ce_activity' table': success | time=4ms
2022.01.20 00:29:21 INFO  web[][DbMigrations] #5004 'Drop PK on 'uuid' for 'events' table'...
2022.01.20 00:29:21 INFO  web[][DbMigrations] #5004 'Drop PK on 'uuid' for 'events' table': success | time=3ms
2022.01.20 00:29:21 INFO  web[][DbMigrations] #5005 'Drop 'events_uuid' index'...
2022.01.20 00:29:21 INFO  web[][DbMigrations] #5005 'Drop 'events_uuid' index': success | time=4ms
2022.01.20 00:29:21 INFO  web[][DbMigrations] #5006 'Recreate PK on 'uuid' for 'events' table'...
2022.01.20 00:29:21 INFO  web[][DbMigrations] #5006 'Recreate PK on 'uuid' for 'events' table': success | time=2ms
2022.01.20 00:29:21 INFO  web[][DbMigrations] #5007 'Drop PK on 'kee' for 'issues' table'...
2022.01.20 00:29:21 INFO  web[][DbMigrations] #5007 'Drop PK on 'kee' for 'issues' table': success | time=3ms
2022.01.20 00:29:21 INFO  web[][DbMigrations] #5008 'Drop 'issues_kee' index'...
2022.01.20 00:29:21 INFO  web[][DbMigrations] #5008 'Drop 'issues_kee' index': success | time=4ms
2022.01.20 00:29:21 INFO  web[][DbMigrations] #5009 'Recreate PK on 'kee' for 'issues' table'...
2022.01.20 00:29:21 INFO  web[][DbMigrations] #5009 'Recreate PK on 'kee' for 'issues' table': success | time=2ms
2022.01.20 00:29:21 INFO  web[][DbMigrations] #5010 'Drop PK on 'kee' for 'snapshots' table'...
2022.01.20 00:29:21 INFO  web[][DbMigrations] #5010 'Drop PK on 'kee' for 'snapshots' table': success | time=2ms
2022.01.20 00:29:21 INFO  web[][DbMigrations] #5011 'Drop 'analyses_uuid' index'...
2022.01.20 00:29:21 INFO  web[][DbMigrations] #5011 'Drop 'analyses_uuid' index': success | time=4ms
2022.01.20 00:29:21 INFO  web[][DbMigrations] #5012 'Recreate PK on 'kee' for 'snapshots' table'...
2022.01.20 00:29:21 INFO  web[][DbMigrations] #5012 'Recreate PK on 'kee' for 'snapshots' table': success | time=2ms
2022.01.20 00:29:21 INFO  web[][DbMigrations] #6001 'Drop 'manual_measures_component_uuid' index'...
2022.01.20 00:29:21 INFO  web[][DbMigrations] #6001 'Drop 'manual_measures_component_uuid' index': success | time=4ms
2022.01.20 00:29:21 INFO  web[][DbMigrations] #6002 'Drop 'manual_measures' table'...
2022.01.20 00:29:21 INFO  web[][DbMigrations] #6002 'Drop 'manual_measures' table': success | time=6ms
2022.01.20 00:29:21 INFO  web[][DbMigrations] #6003 'Drop custom metrics data from 'live_measures' table'...
2022.01.20 00:29:21 INFO  web[][o.s.s.p.d.m.s.MassUpdate] 0 rows processed (0 items/sec)
2022.01.20 00:29:21 INFO  web[][DbMigrations] #6003 'Drop custom metrics data from 'live_measures' table': success | time=77ms
2022.01.20 00:29:21 INFO  web[][DbMigrations] #6004 'Drop custom metrics data from 'project_measures' table'...
2022.01.20 00:29:21 INFO  web[][o.s.s.p.d.m.s.MassUpdate] 0 rows processed (0 items/sec)
2022.01.20 00:29:21 INFO  web[][DbMigrations] #6004 'Drop custom metrics data from 'project_measures' table': success | time=46ms
2022.01.20 00:29:21 INFO  web[][DbMigrations] #6005 'Drop custom metrics data from 'metrics' table'...
2022.01.20 00:29:21 INFO  web[][o.s.s.p.d.m.s.MassUpdate] 0 rows processed (0 items/sec)
2022.01.20 00:29:21 INFO  web[][DbMigrations] #6005 'Drop custom metrics data from 'metrics' table': success | time=44ms
2022.01.20 00:29:21 INFO  web[][DbMigrations] #6006 'Drop 'user_managed' column from 'metrics' table'...
2022.01.20 00:29:21 INFO  web[][DbMigrations] #6006 'Drop 'user_managed' column from 'metrics' table': success | time=41ms
2022.01.20 00:29:21 INFO  web[][DbMigrations] #6007 'Create Audit table'...
2022.01.20 00:29:21 INFO  web[][DbMigrations] #6007 'Create Audit table': success | time=5ms
2022.01.20 00:29:21 INFO  web[][DbMigrations] #6008 'Add column 'removed' to 'plugins' table'...
2022.01.20 00:29:21 INFO  web[][DbMigrations] #6008 'Add column 'removed' to 'plugins' table': success | time=41ms
2022.01.20 00:29:21 INFO  web[][DbMigrations] #6009 'Alter column 'client_secret' of 'alm_settings' table to length 160'...
2022.01.20 00:29:21 INFO  web[][DbMigrations] #6009 'Alter column 'client_secret' of 'alm_settings' table to length 160': success | time=5ms
2022.01.20 00:29:21 INFO  web[][DbMigrations] #6010 'Alter column 'private_key' of 'alm_settings' table to length 2500'...
2022.01.20 00:29:21 INFO  web[][DbMigrations] #6010 'Alter column 'private_key' of 'alm_settings' table to length 2500': success | time=5ms
2022.01.20 00:29:21 INFO  web[][DbMigrations] #6011 'Create 'portfolios' table'...
2022.01.20 00:29:22 INFO  web[][DbMigrations] #6011 'Create 'portfolios' table': success | time=5ms
2022.01.20 00:29:22 INFO  web[][DbMigrations] #6012 'Create unique index for 'kee' in 'portfolios''...
2022.01.20 00:29:22 INFO  web[][DbMigrations] #6012 'Create unique index for 'kee' in 'portfolios'': success | time=5ms
2022.01.20 00:29:22 INFO  web[][DbMigrations] #6013 'Create 'portfolio_references' table'...
2022.01.20 00:29:22 INFO  web[][DbMigrations] #6013 'Create 'portfolio_references' table': success | time=4ms
2022.01.20 00:29:22 INFO  web[][DbMigrations] #6014 'Create unique index for 'portfolio_references''...
2022.01.20 00:29:22 INFO  web[][DbMigrations] #6014 'Create unique index for 'portfolio_references'': success | time=5ms
2022.01.20 00:29:22 INFO  web[][DbMigrations] #6015 'Create 'portfolio_projects' table'...
2022.01.20 00:29:22 INFO  web[][DbMigrations] #6015 'Create 'portfolio_projects' table': success | time=6ms
2022.01.20 00:29:22 INFO  web[][DbMigrations] #6016 'Create unique index for 'portfolio_projects''...
2022.01.20 00:29:22 INFO  web[][DbMigrations] #6016 'Create unique index for 'portfolio_projects'': success | time=4ms
2022.01.20 00:29:22 INFO  web[][DbMigrations] #6017 'Migrate portfolios to new tables'...
2022.01.20 00:29:22 INFO  web[][DbMigrations] #6017 'Migrate portfolios to new tables': success | time=4ms
2022.01.20 00:29:22 INFO  web[][DbMigrations] #6018 'Create index for 'issue_changes' on 'issue_key' and 'change_type''...
2022.01.20 00:29:22 INFO  web[][DbMigrations] #6018 'Create index for 'issue_changes' on 'issue_key' and 'change_type'': success | time=6ms
2022.01.20 00:29:22 INFO  web[][DbMigrations] #6019 'Remove SVN related properties'...
2022.01.20 00:29:22 INFO  web[][DbMigrations] #6019 'Remove SVN related properties': success | time=4ms
2022.01.20 00:29:22 INFO  web[][DbMigrations] #6101 'Change size of column 'selection_expression' in 'Portfolios''...
2022.01.20 00:29:22 INFO  web[][DbMigrations] #6101 'Change size of column 'selection_expression' in 'Portfolios'': success | time=6ms
2022.01.20 00:29:22 INFO  web[][DbMigrations] #6102 'Migrate Bitbucket.org authentication plugin settings to built-in authentication settings'...
2022.01.20 00:29:22 INFO  web[][DbMigrations] #6102 'Migrate Bitbucket.org authentication plugin settings to built-in authentication settings': success | time=3ms
2022.01.20 00:29:22 INFO  web[][DbMigrations] #6103 'Create column quick_fix_available in 'issues''...
2022.01.20 00:29:22 INFO  web[][DbMigrations] #6103 'Create column quick_fix_available in 'issues'': success | time=44ms
2022.01.20 00:29:22 INFO  web[][DbMigrations] #6104 'Create qgate_user_permissions Table'...
2022.01.20 00:29:22 INFO  web[][DbMigrations] #6104 'Create qgate_user_permissions Table': success | time=6ms
2022.01.20 00:29:22 INFO  web[][DbMigrations] #6105 'Create qgate_group_permissions Table'...
2022.01.20 00:29:22 INFO  web[][DbMigrations] #6105 'Create qgate_group_permissions Table': success | time=5ms
2022.01.20 00:29:22 INFO  web[][DbMigrations] #6106 'Create column sonarlint_ad_seen in 'users''...
2022.01.20 00:29:22 INFO  web[][DbMigrations] #6106 'Create column sonarlint_ad_seen in 'users'': success | time=31ms
2022.01.20 00:29:22 INFO  web[][DbMigrations] #6107 'Upsert value of sonarlint_ad_seen in 'users''...
2022.01.20 00:29:22 INFO  web[][DbMigrations] #6107 'Upsert value of sonarlint_ad_seen in 'users'': success | time=3ms
2022.01.20 00:29:22 INFO  web[][DbMigrations] #6108 'Change size of column 'kee' in 'components''...
2022.01.20 00:29:22 INFO  web[][DbMigrations] #6108 'Change size of column 'kee' in 'components'': success | time=7ms
2022.01.20 00:29:22 INFO  web[][DbMigrations] #6109 'Create table 'portfolio_proj_branches''...
2022.01.20 00:29:22 INFO  web[][DbMigrations] #6109 'Create table 'portfolio_proj_branches'': success | time=4ms
2022.01.20 00:29:22 INFO  web[][DbMigrations] #6110 'Add column 'branch_key' to table 'portfolios''...
2022.01.20 00:29:22 INFO  web[][DbMigrations] #6110 'Add column 'branch_key' to table 'portfolios'': success | time=20ms
2022.01.20 00:29:22 INFO  web[][DbMigrations] #6111 'Change size of column 'kee' in 'components''...
2022.01.20 00:29:22 INFO  web[][DbMigrations] #6111 'Change size of column 'kee' in 'components'': success | time=5ms
2022.01.20 00:29:22 INFO  web[][DbMigrations] #6112 'Create 'project_badge_token' Table'...
2022.01.20 00:29:22 INFO  web[][DbMigrations] #6112 'Create 'project_badge_token' Table': success | time=4ms
2022.01.20 00:29:22 INFO  web[][DbMigrations] #6113 'Deprecate quality profile 'Sonar way Recommended' for js and ts'...
2022.01.20 00:29:22 INFO  web[][DbMigrations] #6113 'Deprecate quality profile 'Sonar way Recommended' for js and ts': success | time=9ms
2022.01.20 00:29:22 INFO  web[][DbMigrations] #6114 'Drop the 'sonar.lf.aboutText' property value'...
2022.01.20 00:29:22 INFO  web[][DbMigrations] #6114 'Drop the 'sonar.lf.aboutText' property value': success | time=4ms
2022.01.20 00:29:22 INFO  web[][DbMigrations] Executed DB migrations: success | time=784ms
2022.01.20 00:29:22 INFO  web[][o.s.s.p.Platform] Database has been automatically updated
2022.01.20 00:29:22 INFO  web[][o.s.s.p.w.MasterServletFilter] Initializing servlet filter org.sonar.server.platform.web.WebServiceFilter@4cf058d [pattern=UrlPattern{inclusions=[/api/system/migrate_db.*, ...], exclusions=[/api/components/update_key, ...]}]
2022.01.20 00:29:22 INFO  web[][o.s.s.p.DetectPluginChange] Detect plugin changes
2022.01.20 00:29:22 INFO  web[][o.s.s.a.EmbeddedTomcat] HTTP connector enabled on port 9000
2022.01.20 00:29:23 INFO  web[][o.s.s.p.UpdateCenterClient] Update center: https://update.sonarsource.org/update-center.properties (no proxy)
2022.01.20 00:29:24 INFO  web[][o.s.s.e.IndexCreator] Create index [metadatas]
2022.01.20 00:29:25 INFO  web[][o.s.s.e.IndexCreator] Create type metadatas/metadata
2022.01.20 00:29:25 INFO  web[][o.s.s.e.IndexCreator] Create index [components]
2022.01.20 00:29:28 INFO  web[][o.s.s.e.IndexCreator] Create type components/auth
2022.01.20 00:29:28 INFO  web[][o.s.s.e.IndexCreator] Create index [projectmeasures]
2022.01.20 00:29:31 INFO  web[][o.s.s.e.IndexCreator] Create type projectmeasures/auth
2022.01.20 00:29:32 INFO  web[][o.s.s.e.IndexCreator] Create index [rules]
2022.01.20 00:29:33 INFO  web[][o.s.s.e.IndexCreator] Create type rules/rule
2022.01.20 00:29:33 INFO  web[][o.s.s.e.IndexCreator] Create index [issues]
2022.01.20 00:29:38 INFO  web[][o.s.s.e.IndexCreator] Create type issues/auth
2022.01.20 00:29:38 INFO  web[][o.s.s.e.IndexCreator] Create index [users]
2022.01.20 00:29:39 INFO  web[][o.s.s.e.IndexCreator] Create type users/user
2022.01.20 00:29:39 INFO  web[][o.s.s.e.IndexCreator] Create index [views]
2022.01.20 00:29:42 INFO  web[][o.s.s.e.IndexCreator] Create type views/view
2022.01.20 00:29:42 INFO  web[][o.s.s.s.LogServerId] Server ID: BF41A1F2-AX5041PrBKvNLKR892vH
2022.01.20 00:29:42 WARN  web[][o.s.s.a.LogOAuthWarning] For security reasons, OAuth authentication should use HTTPS. You should set the property 'Administration > Configuration > Server base URL' to a HTTPS URL.
2022.01.20 00:29:42 WARN  web[][o.s.a.s.w.WebService$Action] The response example is not set on action api/plugins/download
2022.01.20 00:29:42 WARN  web[][o.s.a.s.w.WebService$Action] The response example is not set on action api/system/liveness
2022.01.20 00:29:42 WARN  web[][o.s.a.s.w.WebService$Action] The response example is not set on action api/alm_integrations/list_bitbucketserver_projects
2022.01.20 00:29:42 WARN  web[][o.s.a.s.w.WebService$Action] The response example is not set on action api/alm_integrations/search_bitbucketcloud_repos
2022.01.20 00:29:42 WARN  web[][o.s.a.s.w.WebService$Action] The response example is not set on action api/alm_integrations/check_pat
2022.01.20 00:29:42 WARN  web[][o.s.a.s.w.WebService$Action] The response example is not set on action api/alm_integrations/list_azure_projects
2022.01.20 00:29:42 WARN  web[][o.s.a.s.w.WebService$Action] The response example is not set on action api/alm_integrations/search_bitbucketserver_repos
2022.01.20 00:29:42 WARN  web[][o.s.a.s.w.WebService$Action] The response example is not set on action api/alm_integrations/search_azure_repos
2022.01.20 00:29:42 WARN  web[][o.s.a.s.w.WebService$Action] The response example is not set on action api/project_dump/status
2022.01.20 00:29:42 INFO  web[][o.s.s.t.TelemetryDaemon] Sharing of SonarQube statistics is enabled.
2022.01.20 00:29:42 INFO  web[][o.s.s.n.NotificationDaemon] Notification service started (delay 60 sec.)
2022.01.20 00:29:42 INFO  web[][o.s.s.a.p.ExpiredSessionsCleaner] Purge of expired session tokens has removed 0 elements
2022.01.20 00:29:42 INFO  web[][o.s.s.a.p.ExpiredSessionsCleaner] Purge of expired SAML message ids has removed 0 elements
2022.01.20 00:29:42 INFO  web[][o.s.s.s.GeneratePluginIndex] Generate scanner plugin index
2022.01.20 00:29:42 INFO  web[][o.s.s.s.RegisterMetrics] Register metrics
2022.01.20 00:29:42 INFO  web[][o.s.s.q.RegisterQualityGates] Built-in quality gate's conditions of [Sonar way] has been updated
2022.01.20 00:29:42 INFO  web[][o.s.s.r.RegisterRules] Register rules
2022.01.20 00:29:55 INFO  web[][o.s.s.q.BuiltInQProfileRepositoryImpl] Load quality profiles
2022.01.20 00:29:55 INFO  web[][o.s.s.q.RegisterQualityProfiles] Register quality profiles
2022.01.20 00:29:55 INFO  web[][o.s.s.q.RegisterQualityProfiles] Register profile css/Sonar way
2022.01.20 00:29:56 INFO  web[][o.s.s.q.RegisterQualityProfiles] Register profile scala/Sonar way
2022.01.20 00:29:56 INFO  web[][o.s.s.q.RegisterQualityProfiles] Register profile jsp/Sonar way
2022.01.20 00:29:56 INFO  web[][o.s.s.q.RegisterQualityProfiles] Register profile go/Sonar way
2022.01.20 00:29:56 INFO  web[][o.s.s.q.RegisterQualityProfiles] Register profile kotlin/Sonar way
2022.01.20 00:29:56 INFO  web[][o.s.s.q.RegisterQualityProfiles] Register profile js/Sonar way
2022.01.20 00:29:56 INFO  web[][o.s.s.q.RegisterQualityProfiles] Register profile py/Sonar way
2022.01.20 00:29:56 INFO  web[][o.s.s.q.RegisterQualityProfiles] Register profile ruby/Sonar way
2022.01.20 00:29:56 INFO  web[][o.s.s.q.RegisterQualityProfiles] Register profile cs/Sonar way
2022.01.20 00:29:57 INFO  web[][o.s.s.q.RegisterQualityProfiles] Register profile java/Sonar way
2022.01.20 00:29:57 INFO  web[][o.s.s.q.RegisterQualityProfiles] Register profile web/Sonar way
2022.01.20 00:29:57 INFO  web[][o.s.s.q.RegisterQualityProfiles] Register profile flex/Sonar way
2022.01.20 00:29:57 INFO  web[][o.s.s.q.RegisterQualityProfiles] Register profile xml/Sonar way
2022.01.20 00:29:57 INFO  web[][o.s.s.q.RegisterQualityProfiles] Register profile json/Sonar way
2022.01.20 00:29:57 INFO  web[][o.s.s.q.RegisterQualityProfiles] Register profile php/Sonar way
2022.01.20 00:29:57 INFO  web[][o.s.s.q.RegisterQualityProfiles] Register profile php/PSR-2
2022.01.20 00:29:57 INFO  web[][o.s.s.q.RegisterQualityProfiles] Register profile php/Drupal
2022.01.20 00:29:57 INFO  web[][o.s.s.q.RegisterQualityProfiles] Register profile terraform/Sonar way
2022.01.20 00:29:58 INFO  web[][o.s.s.q.RegisterQualityProfiles] Register profile vbnet/Sonar way
2022.01.20 00:29:58 INFO  web[][o.s.s.q.RegisterQualityProfiles] Register profile cloudformation/Sonar way
2022.01.20 00:29:58 INFO  web[][o.s.s.q.RegisterQualityProfiles] Register profile yaml/Sonar way
2022.01.20 00:29:58 INFO  web[][o.s.s.q.RegisterQualityProfiles] Register profile ts/Sonar way
2022.01.20 00:29:58 INFO  web[][o.s.s.s.RegisterPermissionTemplates] Register permission templates
2022.01.20 00:29:58 INFO  web[][o.s.s.s.RenameDeprecatedPropertyKeys] Rename deprecated property keys
2022.01.20 00:29:58 INFO  web[][o.s.s.s.RegisterPlugins] Register plugins
2022.01.20 00:29:58 INFO  web[][o.s.s.p.w.MasterServletFilter] Initializing servlet filter org.sonar.server.platform.web.SonarLintConnectionFilter@16009a70 [pattern=UrlPattern{inclusions=[/api/*], exclusions=[]}]
2022.01.20 00:29:58 INFO  web[][o.s.s.p.w.MasterServletFilter] Initializing servlet filter org.sonar.server.platform.web.WebServiceFilter@109501a0 [pattern=UrlPattern{inclusions=[/api/issues/delete_comment.*, ...], exclusions=[/api/authentication/login.*, ...]}]
2022.01.20 00:29:58 INFO  web[][o.s.s.p.w.MasterServletFilter] Initializing servlet filter org.sonar.server.platform.web.WebServiceReroutingFilter@515c52a2 [pattern=UrlPattern{inclusions=[/api/components/bulk_update_key, ...], exclusions=[]}]
2022.01.20 00:29:58 INFO  web[][o.s.s.p.w.MasterServletFilter] Initializing servlet filter org.sonar.server.plugins.PluginsRiskConsentFilter@157cf9f0 [pattern=UrlPattern{inclusions=[/*], exclusions=[*.css, ...]}]
2022.01.20 00:29:58 INFO  web[][o.s.s.p.w.MasterServletFilter] Initializing servlet filter org.sonar.server.authentication.DefaultAdminCredentialsVerifierFilter@5ca9f403 [pattern=UrlPattern{inclusions=[/*], exclusions=[*.css, ...]}]
2022.01.20 00:29:58 INFO  web[][o.s.s.p.w.MasterServletFilter] Initializing servlet filter org.sonar.server.authentication.InitFilter@199e6733 [pattern=UrlPattern{inclusions=[/sessions/init/*], exclusions=[]}]
2022.01.20 00:29:58 INFO  web[][o.s.s.p.w.MasterServletFilter] Initializing servlet filter org.sonar.server.authentication.OAuth2CallbackFilter@571a2119 [pattern=UrlPattern{inclusions=[/oauth2/callback/*], exclusions=[]}]
2022.01.20 00:29:58 INFO  web[][o.s.s.p.w.MasterServletFilter] Initializing servlet filter org.sonar.server.authentication.ResetPasswordFilter@1077f8a7 [pattern=UrlPattern{inclusions=[/*], exclusions=[*.css, ...]}]
2022.01.20 00:29:58 INFO  web[][o.s.s.p.w.MasterServletFilter] Initializing servlet filter org.sonar.server.authentication.ws.LoginAction@2434fd6b [pattern=UrlPattern{inclusions=[/api/authentication/login], exclusions=[]}]
2022.01.20 00:29:58 INFO  web[][o.s.s.p.w.MasterServletFilter] Initializing servlet filter org.sonar.server.authentication.ws.LogoutAction@67d9efbc [pattern=UrlPattern{inclusions=[/api/authentication/logout], exclusions=[]}]
2022.01.20 00:29:58 INFO  web[][o.s.s.p.w.MasterServletFilter] Initializing servlet filter org.sonar.server.authentication.ws.ValidateAction@63018d53 [pattern=UrlPattern{inclusions=[/api/authentication/validate], exclusions=[]}]
2022.01.20 00:29:58 INFO  web[][o.s.s.e.IndexerStartupTask] Indexing of type [users/user]...
2022.01.20 00:29:59 INFO  web[][o.s.s.e.IndexerStartupTask] Indexing of type [users/user] done | time=871ms
2022.01.20 00:29:59 INFO  web[][o.s.s.e.IndexerStartupTask] Indexing of type [components/auth/component]...
2022.01.20 00:29:59 INFO  web[][o.s.s.e.IndexerStartupTask] Indexing of type [components/auth/component] done | time=174ms
2022.01.20 00:29:59 INFO  web[][o.s.s.e.IndexerStartupTask] Indexing of type [views/view]...
2022.01.20 00:29:59 INFO  web[][o.s.p.ProcessEntryPoint] Gracefully stopping process
2022.01.20 00:29:59 INFO  web[][o.s.s.n.NotificationDaemon] Notification service stopped
2022.01.20 00:29:59 ERROR web[][o.s.s.p.Platform] Background initialization failed. Stopping SonarQube
org.sonar.server.es.ElasticsearchException: Fail to execute es request
	at org.sonar.server.es.EsClient.execute(EsClient.java:313)
	at org.sonar.server.es.EsClient.execute(EsClient.java:305)
	at org.sonar.server.es.EsClient.putSettings(EsClient.java:164)
	at org.sonar.server.es.BulkIndexer$LargeSizeHandler.updateSettings(BulkIndexer.java:427)
	at org.sonar.server.es.BulkIndexer$LargeSizeHandler.beforeStart(BulkIndexer.java:410)
	at org.sonar.server.es.BulkIndexer.start(BulkIndexer.java:114)
	at org.sonar.server.view.index.ViewIndexer.index(ViewIndexer.java:112)
	at org.sonar.server.view.index.ViewIndexer.indexAll(ViewIndexer.java:78)
	at org.sonar.server.view.index.ViewIndexer.indexOnStartup(ViewIndexer.java:65)
	at org.sonar.server.es.IndexerStartupTask.synchronousIndexing(IndexerStartupTask.java:83)
	at org.sonar.server.es.IndexerStartupTask.indexUninitializedTypes(IndexerStartupTask.java:68)
	at java.base/java.util.Spliterators$ArraySpliterator.forEachRemaining(Spliterators.java:948)
	at java.base/java.util.stream.ReferencePipeline$Head.forEach(ReferencePipeline.java:658)
	at org.sonar.server.es.IndexerStartupTask.execute(IndexerStartupTask.java:53)
	at java.base/java.util.Optional.ifPresent(Optional.java:183)
	at org.sonar.server.platform.platformlevel.PlatformLevelStartup$1.doPrivileged(PlatformLevelStartup.java:120)
	at org.sonar.server.user.DoPrivileged.execute(DoPrivileged.java:45)
	at org.sonar.server.platform.platformlevel.PlatformLevelStartup.start(PlatformLevelStartup.java:116)
	at org.sonar.server.platform.PlatformImpl.executeStartupTasks(PlatformImpl.java:198)
	at org.sonar.server.platform.PlatformImpl$1.lambda$doRun$1(PlatformImpl.java:122)
	at org.sonar.server.platform.PlatformImpl$AutoStarterRunnable.runIfNotAborted(PlatformImpl.java:370)
	at org.sonar.server.platform.PlatformImpl$1.doRun(PlatformImpl.java:122)
	at org.sonar.server.platform.PlatformImpl$AutoStarterRunnable.run(PlatformImpl.java:354)
	at java.base/java.lang.Thread.run(Thread.java:829)
Caused by: org.apache.http.ConnectionClosedException: Connection closed unexpectedly
	at org.elasticsearch.client.RestClient.extractAndWrapCause(RestClient.java:886)
	at org.elasticsearch.client.RestClient.performRequest(RestClient.java:288)
	at org.elasticsearch.client.RestClient.performRequest(RestClient.java:276)
	at org.elasticsearch.client.RestHighLevelClient.performClientRequest(RestHighLevelClient.java:2699)
	at org.elasticsearch.client.RestHighLevelClient.internalPerformRequest(RestHighLevelClient.java:2171)
	at org.elasticsearch.client.RestHighLevelClient.performRequest(RestHighLevelClient.java:2137)
	at org.elasticsearch.client.RestHighLevelClient.performRequestAndParseEntity(RestHighLevelClient.java:2105)
	at org.elasticsearch.client.IndicesClient.putSettings(IndicesClient.java:1771)
	at org.sonar.server.es.EsClient.lambda$putSettings$12(EsClient.java:164)
	at org.sonar.server.es.EsClient.execute(EsClient.java:311)
	... 23 common frames omitted
Caused by: org.apache.http.ConnectionClosedException: Connection closed unexpectedly
	at org.apache.http.nio.protocol.HttpAsyncRequestExecutor.closed(HttpAsyncRequestExecutor.java:146)
	at org.apache.http.impl.nio.client.InternalIODispatch.onClosed(InternalIODispatch.java:71)
	at org.apache.http.impl.nio.client.InternalIODispatch.onClosed(InternalIODispatch.java:39)
	at org.apache.http.impl.nio.reactor.AbstractIODispatch.disconnected(AbstractIODispatch.java:100)
	at org.apache.http.impl.nio.reactor.BaseIOReactor.sessionClosed(BaseIOReactor.java:277)
	at org.apache.http.impl.nio.reactor.AbstractIOReactor.processClosedSessions(AbstractIOReactor.java:449)
	at org.apache.http.impl.nio.reactor.AbstractIOReactor.execute(AbstractIOReactor.java:283)
	at org.apache.http.impl.nio.reactor.BaseIOReactor.execute(BaseIOReactor.java:104)
	at org.apache.http.impl.nio.reactor.AbstractMultiworkerIOReactor$Worker.run(AbstractMultiworkerIOReactor.java:591)
	... 1 common frames omitted
2022.01.20 00:30:00 INFO  web[][o.s.p.ProcessEntryPoint] Hard stopping process
2022.01.20 00:30:00 WARN  web[][o.s.p.ProcessEntryPoint$StopperThread] Can not stop in 270000ms
2022.01.20 00:30:00 WARN  web[][o.s.s.a.EmbeddedTomcat] Failed to stop web server
org.apache.catalina.LifecycleException: A child container failed during stop
	at org.apache.catalina.core.ContainerBase.stopInternal(ContainerBase.java:1007)
	at org.apache.catalina.util.LifecycleBase.stop(LifecycleBase.java:257)
	at org.apache.catalina.core.StandardService.stopInternal(StandardService.java:486)
	at org.apache.catalina.util.LifecycleBase.stop(LifecycleBase.java:257)
	at org.apache.catalina.core.StandardServer.stopInternal(StandardServer.java:784)
	at org.apache.catalina.util.LifecycleBase.stop(LifecycleBase.java:257)
	at org.apache.catalina.startup.Tomcat.stop(Tomcat.java:450)
	at org.sonar.server.app.EmbeddedTomcat.terminate(EmbeddedTomcat.java:112)
	at org.sonar.server.app.WebServer.hardStop(WebServer.java:84)
	at org.sonar.server.app.WebServer.stop(WebServer.java:78)
	at org.sonar.process.ProcessEntryPoint$StopperThread.lambda$new$0(ProcessEntryPoint.java:205)
	at java.base/java.util.concurrent.Executors$RunnableAdapter.call(Executors.java:515)
	at java.base/java.util.concurrent.FutureTask.run(FutureTask.java:264)
	at java.base/java.util.concurrent.ThreadPoolExecutor.runWorker(ThreadPoolExecutor.java:1128)
	at java.base/java.util.concurrent.ThreadPoolExecutor$Worker.run(ThreadPoolExecutor.java:628)
	at java.base/java.lang.Thread.run(Thread.java:829)
2022.01.20 00:30:00 INFO  web[][o.s.s.app.WebServer] WebServer stopped
2022.01.20 00:30:00 INFO  web[][o.s.s.p.d.EmbeddedDatabase] Embedded database stopped
2022.01.20 00:30:55 INFO  web[][o.s.p.ProcessEntryPoint] Starting web
2022.01.20 00:30:56 INFO  web[][o.a.t.u.n.NioSelectorPool] Using a shared selector for servlet write/read
2022.01.20 00:30:56 INFO  web[][o.s.s.e.EsClientProvider] Connected to local Elasticsearch: [http://localhost:9001]
2022.01.20 00:30:57 INFO  web[][o.s.s.p.LogServerVersion] SonarQube Server / 9.2.4.50792 / 78f7113cee15b2bd37a958455271e68f1244cb7b
2022.01.20 00:30:57 INFO  web[][o.s.s.p.d.EmbeddedDatabase] Starting embedded database on port 9092 with url jdbc:h2:tcp://127.0.0.1:9092/sonar
2022.01.20 00:30:57 INFO  web[][o.s.s.p.d.EmbeddedDatabase] Embedded database started. Data stored in: /opt/sonarqube/data
2022.01.20 00:30:57 INFO  web[][o.sonar.db.Database] Create JDBC data source for jdbc:h2:tcp://127.0.0.1:9092/sonar
2022.01.20 00:30:57 WARN  web[][o.s.db.dialect.H2] H2 database should be used for evaluation purpose only.
2022.01.20 00:30:58 INFO  web[][o.s.s.p.ServerFileSystemImpl] SonarQube home: /opt/sonarqube
2022.01.20 00:30:58 INFO  web[][o.s.s.u.SystemPasscodeImpl] System authentication by passcode is disabled
2022.01.20 00:30:58 INFO  web[][o.s.s.p.ServerPluginManager] Deploy plugin C# Code Quality and Security / 8.32.0.39516 / 339a4abca54577c2331eb89f3ccecd43279fbd11
2022.01.20 00:30:58 INFO  web[][o.s.s.p.ServerPluginManager] Deploy plugin Configuration detection fot Code Quality and Security / 1.1.0.185 / f880796141c97fa59ac04f8ac0db56c62d862005
2022.01.20 00:30:58 INFO  web[][o.s.s.p.ServerPluginManager] Deploy plugin Flex Code Quality and Security / 2.6.2.2641 / 11f07506915923b3a0e39e4e34280644c035b925
2022.01.20 00:30:58 INFO  web[][o.s.s.p.ServerPluginManager] Deploy plugin Go Code Quality and Security / 1.8.3.2219 / d6ad7a5a47fc4785d2e80918fb7424be46e38a7f
2022.01.20 00:30:58 INFO  web[][o.s.s.p.ServerPluginManager] Deploy plugin HTML Code Quality and Security / 3.4.0.2754 / 38f7ff864ae15152c9f1efc3014594f7e7ca7b6e
2022.01.20 00:30:58 INFO  web[][o.s.s.p.ServerPluginManager] Deploy plugin IaC Code Quality and Security / 1.4.0.1294 / d5088c9df33e24593acd39bac9306136176da598
2022.01.20 00:30:58 INFO  web[][o.s.s.p.ServerPluginManager] Deploy plugin JaCoCo / 1.1.1.1157 / 83478572b9f23efac29de15e30c7758bbb0c0e47
2022.01.20 00:30:58 INFO  web[][o.s.s.p.ServerPluginManager] Deploy plugin Java Code Quality and Security / 7.5.0.28054 / 54b377cfbc4b5d4f2780855818c6850c298ea395
2022.01.20 00:30:58 INFO  web[][o.s.s.p.ServerPluginManager] Deploy plugin JavaScript/TypeScript Code Quality and Security / 8.6.0.16913 / 701a9ce4770cfe89eb0ac54c75eeafb2c8c514ac
2022.01.20 00:30:58 INFO  web[][o.s.s.p.ServerPluginManager] Deploy plugin Kotlin Code Quality and Security / 2.7.0.948 / 9ab38bae2f6f59bd5ba6d3bed5a159d858b87daf
2022.01.20 00:30:58 INFO  web[][o.s.s.p.ServerPluginManager] Deploy plugin PHP Code Quality and Security / 3.21.2.8292 / 86bd9dd559ac9a3a8dbabdf44d171395e7334590
2022.01.20 00:30:58 INFO  web[][o.s.s.p.ServerPluginManager] Deploy plugin Python Code Quality and Security / 3.8.0.8883 / 30629fbf3e871f83899ec32d3e4a05988b3d4727
2022.01.20 00:30:58 INFO  web[][o.s.s.p.ServerPluginManager] Deploy plugin Ruby Code Quality and Security / 1.8.3.2219 / d6ad7a5a47fc4785d2e80918fb7424be46e38a7f
2022.01.20 00:30:58 INFO  web[][o.s.s.p.ServerPluginManager] Deploy plugin Scala Code Quality and Security / 1.8.3.2219 / d6ad7a5a47fc4785d2e80918fb7424be46e38a7f
2022.01.20 00:30:58 INFO  web[][o.s.s.p.ServerPluginManager] Deploy plugin VB.NET Code Quality and Security / 8.32.0.39516 / 339a4abca54577c2331eb89f3ccecd43279fbd11
2022.01.20 00:30:58 INFO  web[][o.s.s.p.ServerPluginManager] Deploy plugin XML Code Quality and Security / 2.4.0.3273 / 3e6d286309dbc9af364fc3c843ee8e71ed1801f7
2022.01.20 00:30:59 WARN  web[][o.s.a.s.w.WebService$Action] The response example is not set on action api/system/liveness
2022.01.20 00:30:59 INFO  web[][o.s.s.p.w.MasterServletFilter] Initializing servlet filter org.sonar.server.platform.web.WebServiceFilter@234a2fea [pattern=UrlPattern{inclusions=[/api/system/migrate_db.*, ...], exclusions=[/api/components/update_key, ...]}]
2022.01.20 00:30:59 INFO  web[][o.s.s.p.DetectPluginChange] Detect plugin changes
2022.01.20 00:30:59 INFO  web[][o.s.s.a.EmbeddedTomcat] HTTP connector enabled on port 9000
2022.01.20 00:30:59 INFO  web[][o.s.s.p.DetectPluginChange] No plugin change detected
2022.01.20 00:31:00 INFO  web[][o.s.s.p.UpdateCenterClient] Update center: https://update.sonarsource.org/update-center.properties (no proxy)
2022.01.20 00:31:01 INFO  web[][o.s.s.s.LogServerId] Server ID: BF41A1F2-AX5041PrBKvNLKR892vH
2022.01.20 00:31:01 WARN  web[][o.s.s.a.LogOAuthWarning] For security reasons, OAuth authentication should use HTTPS. You should set the property 'Administration > Configuration > Server base URL' to a HTTPS URL.
2022.01.20 00:31:01 WARN  web[][o.s.a.s.w.WebService$Action] The response example is not set on action api/plugins/download
2022.01.20 00:31:01 WARN  web[][o.s.a.s.w.WebService$Action] The response example is not set on action api/system/liveness
2022.01.20 00:31:01 WARN  web[][o.s.a.s.w.WebService$Action] The response example is not set on action api/alm_integrations/list_bitbucketserver_projects
2022.01.20 00:31:01 WARN  web[][o.s.a.s.w.WebService$Action] The response example is not set on action api/alm_integrations/search_bitbucketcloud_repos
2022.01.20 00:31:01 WARN  web[][o.s.a.s.w.WebService$Action] The response example is not set on action api/alm_integrations/check_pat
2022.01.20 00:31:01 WARN  web[][o.s.a.s.w.WebService$Action] The response example is not set on action api/alm_integrations/list_azure_projects
2022.01.20 00:31:01 WARN  web[][o.s.a.s.w.WebService$Action] The response example is not set on action api/alm_integrations/search_bitbucketserver_repos
2022.01.20 00:31:01 WARN  web[][o.s.a.s.w.WebService$Action] The response example is not set on action api/alm_integrations/search_azure_repos
2022.01.20 00:31:01 WARN  web[][o.s.a.s.w.WebService$Action] The response example is not set on action api/project_dump/status
2022.01.20 00:31:01 INFO  web[][o.s.s.t.TelemetryDaemon] Sharing of SonarQube statistics is enabled.
2022.01.20 00:31:01 INFO  web[][o.s.s.n.NotificationDaemon] Notification service started (delay 60 sec.)
2022.01.20 00:31:01 INFO  web[][o.s.s.s.GeneratePluginIndex] Generate scanner plugin index
2022.01.20 00:31:01 INFO  web[][o.s.s.s.RegisterPermissionTemplates] Register permission templates
2022.01.20 00:31:01 INFO  web[][o.s.s.s.RenameDeprecatedPropertyKeys] Rename deprecated property keys
2022.01.20 00:31:01 INFO  web[][o.s.s.s.RegisterPlugins] Register plugins
2022.01.20 00:31:01 INFO  web[][o.s.s.p.w.MasterServletFilter] Initializing servlet filter org.sonar.server.platform.web.SonarLintConnectionFilter@26664d25 [pattern=UrlPattern{inclusions=[/api/*], exclusions=[]}]
2022.01.20 00:31:01 INFO  web[][o.s.s.p.w.MasterServletFilter] Initializing servlet filter org.sonar.server.platform.web.WebServiceFilter@7eb6062b [pattern=UrlPattern{inclusions=[/api/issues/delete_comment.*, ...], exclusions=[/api/authentication/login.*, ...]}]
2022.01.20 00:31:01 INFO  web[][o.s.s.p.w.MasterServletFilter] Initializing servlet filter org.sonar.server.platform.web.WebServiceReroutingFilter@577d5aa3 [pattern=UrlPattern{inclusions=[/api/components/bulk_update_key, ...], exclusions=[]}]
2022.01.20 00:31:01 INFO  web[][o.s.s.p.w.MasterServletFilter] Initializing servlet filter org.sonar.server.plugins.PluginsRiskConsentFilter@6d1c18b7 [pattern=UrlPattern{inclusions=[/*], exclusions=[*.css, ...]}]
2022.01.20 00:31:01 INFO  web[][o.s.s.p.w.MasterServletFilter] Initializing servlet filter org.sonar.server.authentication.DefaultAdminCredentialsVerifierFilter@7776f5cc [pattern=UrlPattern{inclusions=[/*], exclusions=[*.css, ...]}]
2022.01.20 00:31:01 INFO  web[][o.s.s.p.w.MasterServletFilter] Initializing servlet filter org.sonar.server.authentication.InitFilter@78cbe94e [pattern=UrlPattern{inclusions=[/sessions/init/*], exclusions=[]}]
2022.01.20 00:31:01 INFO  web[][o.s.s.p.w.MasterServletFilter] Initializing servlet filter org.sonar.server.authentication.OAuth2CallbackFilter@269426fe [pattern=UrlPattern{inclusions=[/oauth2/callback/*], exclusions=[]}]
2022.01.20 00:31:01 INFO  web[][o.s.s.p.w.MasterServletFilter] Initializing servlet filter org.sonar.server.authentication.ResetPasswordFilter@68671613 [pattern=UrlPattern{inclusions=[/*], exclusions=[*.css, ...]}]
2022.01.20 00:31:01 INFO  web[][o.s.s.p.w.MasterServletFilter] Initializing servlet filter org.sonar.server.authentication.ws.LoginAction@6d5bb90f [pattern=UrlPattern{inclusions=[/api/authentication/login], exclusions=[]}]
2022.01.20 00:31:01 INFO  web[][o.s.s.p.w.MasterServletFilter] Initializing servlet filter org.sonar.server.authentication.ws.LogoutAction@3fa00993 [pattern=UrlPattern{inclusions=[/api/authentication/logout], exclusions=[]}]
2022.01.20 00:31:01 INFO  web[][o.s.s.p.w.MasterServletFilter] Initializing servlet filter org.sonar.server.authentication.ws.ValidateAction@4ff4789b [pattern=UrlPattern{inclusions=[/api/authentication/validate], exclusions=[]}]
2022.01.20 00:31:01 INFO  web[][o.s.s.e.IndexerStartupTask] Indexing of type [views/view]...
2022.01.20 00:31:02 INFO  web[][o.s.s.e.IndexerStartupTask] Indexing of type [views/view] done | time=278ms
2022.01.20 00:31:02 INFO  web[][o.s.s.e.IndexerStartupTask] Trigger asynchronous indexing of type [issues/auth/issue]...
2022.01.20 00:31:02 INFO  web[][o.s.s.i.i.AsyncIssueIndexingImpl] 0 pending indexation task found to be deleted...
2022.01.20 00:31:02 INFO  web[][o.s.s.i.i.AsyncIssueIndexingImpl] 0 completed indexation task found to be deleted...
2022.01.20 00:31:02 INFO  web[][o.s.s.i.i.AsyncIssueIndexingImpl] Indexation task deletion complete.
2022.01.20 00:31:02 INFO  web[][o.s.s.i.i.AsyncIssueIndexingImpl] Deleting tasks characteristics...
2022.01.20 00:31:02 INFO  web[][o.s.s.i.i.AsyncIssueIndexingImpl] Tasks characteristics deletion complete.
2022.01.20 00:31:02 INFO  web[][o.s.s.i.i.AsyncIssueIndexingImpl] 0 branch found in need of issue sync.
2022.01.20 00:31:02 INFO  web[][o.s.s.e.IndexerStartupTask] Trigger asynchronous indexing of type [issues/auth/issue] done | time=118ms
2022.01.20 00:31:02 INFO  web[][o.s.s.e.IndexerStartupTask] Indexing of types [components/auth],[projectmeasures/auth],[issues/auth]...
2022.01.20 00:31:02 INFO  web[][o.s.s.e.IndexerStartupTask] Indexing of types [components/auth],[projectmeasures/auth],[issues/auth] done | time=213ms
2022.01.20 00:31:02 INFO  web[][o.s.s.e.IndexerStartupTask] Indexing of type [projectmeasures/auth/projectmeasure]...
2022.01.20 00:31:02 INFO  web[][o.s.s.e.IndexerStartupTask] Indexing of type [projectmeasures/auth/projectmeasure] done | time=75ms
2022.01.20 00:31:02 INFO  web[][o.s.s.q.ProjectsInWarningDaemon] Counting number of projects in warning is enabled.
2022.01.20 00:31:02 INFO  web[][o.s.s.p.p.PlatformLevelStartup] Running Community Edition
2022.01.20 00:31:02 INFO  web[][o.s.s.q.ProjectsInWarningDaemon] Counting number of projects in warning will be disabled as there are no more projects in warning.
2022.01.20 00:31:03 INFO  web[][o.s.s.p.Platform] WebServer is operational
2022.01.20 00:33:05 INFO  web[][o.s.p.ProcessEntryPoint] Gracefully stopping process
2022.01.20 00:33:05 INFO  web[][o.s.s.n.NotificationDaemon] Notification service stopped
2022.01.20 00:33:05 INFO  web[][o.s.s.p.d.EmbeddedDatabase] Embedded database stopped
2022.01.20 00:33:05 INFO  web[][o.s.s.app.WebServer] WebServer stopped
